0 info it worked if it ends with ok
1 verbose cli [ '/usr/bin/nodejs', '/usr/bin/npm', 'publish' ]
2 info using npm@3.5.2
3 info using node@v4.2.6
4 verbose publish [ '.' ]
5 silly cache add args [ '.', null ]
6 verbose cache add spec .
7 silly cache add parsed spec Result {
7 silly cache add   raw: '.',
7 silly cache add   scope: null,
7 silly cache add   name: null,
7 silly cache add   rawSpec: '.',
7 silly cache add   spec: '/data/git/bindep',
7 silly cache add   type: 'directory' }
8 verbose addLocalDirectory /home/cristian/.npm/bindep/1.1.0/package.tgz not in flight; packing
9 info lifecycle bindep@1.1.0~prepublish: bindep@1.1.0
10 silly lifecycle bindep@1.1.0~prepublish: no script for prepublish, continuing
11 verbose tar pack [ '/home/cristian/.npm/bindep/1.1.0/package.tgz',
11 verbose tar pack   '/data/git/bindep' ]
12 verbose tarball /home/cristian/.npm/bindep/1.1.0/package.tgz
13 verbose folder /data/git/bindep
14 verbose addLocalTarball adding from inside cache /home/cristian/.npm/bindep/1.1.0/package.tgz
15 silly cache afterAdd bindep@1.1.0
16 verbose afterAdd /home/cristian/.npm/bindep/1.1.0/package/package.json not in flight; writing
17 verbose afterAdd /home/cristian/.npm/bindep/1.1.0/package/package.json written
18 silly publish { _args: [ [ 'bindep@^1.1.1', '/data/git/chat-js/test' ] ],
18 silly publish   _from: '.',
18 silly publish   _id: 'bindep@1.1.0',
18 silly publish   _inCache: true,
18 silly publish   _installable: true,
18 silly publish   _location: '/bindep',
18 silly publish   _nodeVersion: '4.2.6',
18 silly publish   _npmOperationalInternal:
18 silly publish    { host: 's3://npm-registry-packages',
18 silly publish      tmp: 'tmp/bindep-1.1.0.tgz_1500625192561_0.6937997350469232' },
18 silly publish   _npmUser: { email: 'publicocean0@gmail.com', name: 'publicocean0' },
18 silly publish   _npmVersion: '3.5.2',
18 silly publish   _phantomChildren: {},
18 silly publish   _requested:
18 silly publish    { name: 'bindep',
18 silly publish      raw: 'bindep@^1.1.0',
18 silly publish      rawSpec: '^1.1.0',
18 silly publish      scope: null,
18 silly publish      spec: '>=1.1.0 <2.0.0',
18 silly publish      type: 'range' },
18 silly publish   _requiredBy: [ '/' ],
18 silly publish   _shasum: 'e883d845ed2a3b1395de429fe96d48387a51fa58',
18 silly publish   _shrinkwrap: null,
18 silly publish   _spec: 'bindep@^1.1.0',
18 silly publish   _where: '/data/git/chat-js/test',
18 silly publish   author: { name: 'Cristian Lorenzetto', email: 'publicocean0@gmail.com' },
18 silly publish   bugs: { url: 'https://github.com/publicocean0/bindep/issues' },
18 silly publish   dependencies:
18 silly publish    { bower: '^1.8.0',
18 silly publish      MD5: '^1.0.0',
18 silly publish      'bower-config': '^0.5.0',
18 silly publish      fs: '^0.0.2',
18 silly publish      glob: '^4.4.0',
18 silly publish      'js-yaml': '^3.7.0',
18 silly publish      less: '^2.7.2',
18 silly publish      lodash: '^2.4.1',
18 silly publish      'md5-hex': '^2.0.0',
18 silly publish      'node-sass': '^4.3.0',
18 silly publish      path: '^0.11.14',
18 silly publish      preprocessor: '^1.4.0 ',
18 silly publish      styl: '^0.2.9',
18 silly publish      'uglify-js': '^2.4.16',
18 silly publish      uglifycss: '^0.0.11',
18 silly publish      decaffeinate: '^3.3.2',
18 silly publish      typescrypt: '^2.4.2',
18 silly publish      sys: '^0.0.1',
18 silly publish      async: '^2.5.0',
18 silly publish      child_process: '^1.0.2' },
18 silly publish   description: 'Embed Bower dependencies to your source code.',
18 silly publish   devDependencies: {},
18 silly publish   directories: {},
18 silly publish   dist:
18 silly publish    { shasum: '895d600f6587ffcd951b0a714be718dae8f1586b',
18 silly publish      tarball: 'https://registry.npmjs.org/bindep/-/bindep-1.1.0.tgz' },
18 silly publish   files: [ 'LICENSE', 'tasks/' ],
18 silly publish   gitHead: '0b031aad918b9840becc702093acf65692355176',
18 silly publish   homepage: 'https://github.com/publicocean0/bindep#readme',
18 silly publish   keywords:
18 silly publish    [ 'bower',
18 silly publish      'dependencies',
18 silly publish      'inject',
18 silly publish      'management',
18 silly publish      'package',
18 silly publish      'script' ],
18 silly publish   licenses: [ { type: 'MIT' } ],
18 silly publish   maintainers: [ { name: 'publicocean0', email: 'publicocean0@gmail.com' } ],
18 silly publish   name: 'bindep',
18 silly publish   optionalDependencies: {},
18 silly publish   readme: 'ERROR: No README data found!',
18 silly publish   repository:
18 silly publish    { type: 'git',
18 silly publish      url: 'git+https://github.com/publicocean0/bindep.git' },
18 silly publish   scripts: {},
18 silly publish   version: '1.1.0' }
19 verbose getPublishConfig undefined
20 silly mapToRegistry name bindep
21 silly mapToRegistry using default registry
22 silly mapToRegistry registry http://registry.npmjs.org/
23 silly mapToRegistry uri http://registry.npmjs.org/bindep
24 verbose publish registryBase http://registry.npmjs.org/
25 silly publish uploading /home/cristian/.npm/bindep/1.1.0/package.tgz
26 verbose request uri http://registry.npmjs.org/bindep
27 verbose request sending authorization for write operation
28 info attempt registry request try #1 at 14:22:29
29 verbose request using bearer token for auth
30 verbose request id 5436833fbbbc8d80
31 http request PUT http://registry.npmjs.org/bindep
32 http 403 http://registry.npmjs.org/bindep
33 verbose headers { 'content-type': 'application/json',
33 verbose headers   'cache-control': 'max-age=300',
33 verbose headers   'content-length': '95',
33 verbose headers   'accept-ranges': 'bytes',
33 verbose headers   date: 'Fri, 28 Jul 2017 12:22:31 GMT',
33 verbose headers   via: '1.1 varnish',
33 verbose headers   connection: 'keep-alive',
33 verbose headers   'x-served-by': 'cache-hhn1537-HHN',
33 verbose headers   'x-cache': 'MISS',
33 verbose headers   'x-cache-hits': '0',
33 verbose headers   'x-timer': 'S1501244550.775348,VS0,VE1257',
33 verbose headers   vary: 'Accept-Encoding, Accept' }
34 verbose request invalidating /home/cristian/.npm/registry.npmjs.org/bindep on PUT
35 error publish Failed PUT 403
36 verbose stack Error: "You cannot publish over the previously published version 1.1.0." : bindep
36 verbose stack     at makeError (/usr/share/npm/node_modules/npm-registry-client/lib/request.js:264:12)
36 verbose stack     at CachingRegistryClient.<anonymous> (/usr/share/npm/node_modules/npm-registry-client/lib/request.js:252:14)
36 verbose stack     at Request._callback (/usr/share/npm/node_modules/npm-registry-client/lib/request.js:172:14)
36 verbose stack     at Request.self.callback (/usr/share/npm/node_modules/request/request.js:198:22)
36 verbose stack     at emitTwo (events.js:87:13)
36 verbose stack     at Request.emit (events.js:172:7)
36 verbose stack     at Request.<anonymous> (/usr/share/npm/node_modules/request/request.js:1082:10)
36 verbose stack     at emitOne (events.js:82:20)
36 verbose stack     at Request.emit (events.js:169:7)
36 verbose stack     at IncomingMessage.<anonymous> (/usr/share/npm/node_modules/request/request.js:1009:12)
37 verbose statusCode 403
38 verbose pkgid bindep
39 verbose cwd /data/git/bindep
40 error Linux 4.8.0-32-generic
41 error argv "/usr/bin/nodejs" "/usr/bin/npm" "publish"
42 error node v4.2.6
43 error npm  v3.5.2
44 error code E403
45 error "You cannot publish over the previously published version 1.1.0." : bindep
46 error If you need help, you may report this error at:
46 error     <https://github.com/npm/npm/issues>
47 verbose exit [ 1, true ]
